[dotenv@17.3.1] injecting env (12) from .env.local -- tip: ⚡️ secrets for agents: https://dotenvx.com/as2

=== TM Club-ID Discovery (Slice 141) ===
league=(all) rate=500ms dry-run=false only-unmapped=true players-per-club=5

Loaded 134 clubs to discover TM-IDs for.

[1/134] ✓ BL1 MOE — via Castrop: tmClubId=18 slug="borussia-monchengladbach" name="Borussia Monchengladbach"
[2/134] ✓ BL1 AUG — via Zesiger: tmClubId=167 slug="fc-augsburg" name="Fc Augsburg"
[3/134] ✓ SL BES — via Ozcan: tmClubId=114 slug="besiktas-jk" name="Besiktas Jk"
[4/134] ✓ TFF1 KEÇ — via Satılmış: tmClubId=12388 slug="ankara-keciorengucu" name="Ankara Keciorengucu"
[5/134] ✓ TFF1 BAN — via da Silva Souza: tmClubId=20760 slug="bandirma-spor" name="Bandirma Spor"
[6/134]   TFF1 BOL · try Özdemir → parsed="Sperre" NOT matching "Boluspor"
[6/134]   TFF1 BOL · try Artuç → parsed="Ankara Demirspor" NOT matching "Boluspor"
[6/134]   TFF1 BOL · try Özkan → parsed="Karriereende" NOT matching "Boluspor"
[6/134] ✓ TFF1 BOL — via Yılmaz: tmClubId=3207 slug="boluspor" name="Boluspor"
[7/134] ✓ TFF1 SER — via Sapan: tmClubId=50845 slug="serik-spor" name="Serik Spor"
[8/134] ✓ TFF1 ÜMR — via Ekincier: tmClubId=24245 slug="umraniyespor" name="Umraniyespor"
[9/134]   TFF1 AMD · try Yıldırım → parsed="Orduspor 1967 Sk" NOT matching "Amedspor"
[9/134]   TFF1 AMD · try Hasani → parsed="Amed Sk" NOT matching "Amedspor"
[9/134]   TFF1 AMD · try Orhan → parsed="Amed Sk" NOT matching "Amedspor"
[9/134]   TFF1 AMD · try Aydin → parsed="Sperre" NOT matching "Amedspor"
[9/134]   TFF1 AMD · try Cassubie → parsed="Fc Lahti" NOT matching "Amedspor"
[10/134] ✓ TFF1 BOD — via Türk: tmClubId=44006 slug="bodrum-fk" name="Bodrum Fk"
[11/134] ✓ BL1 LEI — via Zingerle: tmClubId=23826 slug="rb-leipzig" name="Rb Leipzig"
[12/134] ✓ TFF1 ÇOR — via Yazgan: tmClubId=37951 slug="corum-fk" name="Corum Fk"
[13/134] ✓ TFF1 İST — via Mamadou: tmClubId=924 slug="istanbulspor" name="Istanbulspor"
[14/134]   TFF1 MAN · try Süleyman → parsed="Aliaga Fk" NOT matching "Manisa FK"
[14/134] ✓ TFF1 MAN — via Diony: tmClubId=48913 slug="manisa-fk" name="Manisa Fk"
[15/134] ✓ TFF1 PEN — via Akbaba: tmClubId=3209 slug="pendikspor" name="Pendikspor"
[16/134] ✓ TFF1 SAK — via Kwabena: tmClubId=2463 slug="sakaryaspor" name="Sakaryaspor"
[17/134] ✓ SL KOC — via Oğuz: tmClubId=120 slug="kocaelispor" name="Kocaelispor"
[18/134]   TFF1 SİV · try Pritchard → parsed="Vereinslos" NOT matching "Sivasspor"
[18/134] ✓ TFF1 SİV — via Paluli: tmClubId=2381 slug="sivasspor" name="Sivasspor"
[19/134] ✓ TFF1 VAN — via Seçgin: tmClubId=3173 slug="van-spor-fk" name="Van Spor Fk"
[20/134] ✓ BL2 NUR — via Koudossou: tmClubId=4 slug="1-fc-nurnberg" name="1 Fc Nurnberg"
[21/134] ✓ TFF1 ADM — via Özkanbas: tmClubId=44149 slug="adana-demirspor-jugend" name="Adana Demirspor Jugend"
[22/134] ✓ BL1 HAM — via Glatzel: tmClubId=41 slug="hamburger-sv" name="Hamburger Sv"
[23/134]   SA LAZ · try Serra → parsed="Lazio Rom U20" (lazio-rom-u20) is youth/reserve, skip
[23/134]   SA LAZ · try Giacomone → parsed="Lazio Rom U20" (lazio-rom-u20) is youth/reserve, skip
[23/134] ✓ SA LAZ — via Rodríguez Ledesma: tmClubId=398 slug="lazio-rom" name="Lazio Rom"
[24/134] ✓ BL2 PAD — via Schubert: tmClubId=127 slug="sc-paderborn-07" name="Sc Paderborn 07"
[25/134] ✓ BL2 HAN — via Aséko Nkili: tmClubId=42 slug="hannover-96" name="Hannover 96"
[26/134] ✓ TFF1 ERK — via Luş: tmClubId=45269 slug="esenler-erokspor" name="Esenler Erokspor"
[27/134] ✓ TFF1 HAT — via Alagöz: tmClubId=7775 slug="hatayspor" name="Hatayspor"
[28/134] ✓ TFF1 IGD — via Asan: tmClubId=74664 slug="igdir-fk" name="Igdir Fk"
[29/134] ✓ TFF1 SAR — via Traoré: tmClubId=518 slug="sariyerspor" name="Sariyerspor"
[30/134] ✓ BL1 HEI — via Feller: tmClubId=2036 slug="1-fc-heidenheim-1846" name="1 Fc Heidenheim 1846"
[31/134]   SA CRE · try Lickunas → parsed="Us Cremonese U20" (us-cremonese-u20) is youth/reserve, skip
[31/134] ✓ SA CRE — via Baschirotto: tmClubId=2239 slug="us-cremonese" name="Us Cremonese"
[32/134] ✓ SA PIS — via Touré: tmClubId=4172 slug="pisa-sporting-club" name="Pisa Sporting Club"
[33/134] ✓ SA COM — via Roberto Carnicer: tmClubId=1047 slug="como-1907" name="Como 1907"
[34/134] ✓ SA INT — via Sommer: tmClubId=46 slug="inter-mailand" name="Inter Mailand"
[35/134] ✓ PL MCI — via Aké: tmClubId=281 slug="manchester-city" name="Manchester City"
[36/134] ✓ PL BRE — via Furo: tmClubId=1148 slug="fc-brentford" name="Fc Brentford"
[37/134] ✓ PL LEE — via Gnonto: tmClubId=399 slug="leeds-united" name="Leeds United"
[38/134] ✓ PL NOT — via da Cruz: tmClubId=703 slug="nottingham-forest" name="Nottingham Forest"
[39/134] ✓ LL VAL — via Ribeiro Almeida: tmClubId=1049 slug="fc-valencia" name="Fc Valencia"
[40/134] ✓ LL VIL — via Marín Zamora: tmClubId=1050 slug="fc-villarreal" name="Fc Villarreal"
[41/134] ✓ LL MAL — via Raíllo Arenas: tmClubId=237 slug="rcd-mallorca" name="Rcd Mallorca"
[42/134] ✓ LL REA — via Huijsen: tmClubId=418 slug="real-madrid" name="Real Madrid"
[43/134]   LL ESP · try Gomez → parsed="Puerto Rico" NOT matching "Espanyol"
[43/134] ✓ LL ESP — via Fortuño Viñas: tmClubId=714 slug="espanyol-barcelona" name="Espanyol Barcelona"
[44/134] ✓ BL2 DAR — via Pfister: tmClubId=105 slug="sv-darmstadt-98" name="Sv Darmstadt 98"
[45/134] ✓ BL2 SCH — via Ljubičić: tmClubId=33 slug="fc-schalke-04" name="Fc Schalke 04"
[46/134] ✓ BL1 KOL — via El Mala: tmClubId=3 slug="1-fc-koln" name="1 Fc Koln"
[47/134] ✓ SA PAR — via Almqvist: tmClubId=130 slug="parma-calcio-1913" name="Parma Calcio 1913"
[48/134] ✓ SA LEC — via Ngom: tmClubId=1005 slug="us-lecce" name="Us Lecce"
[49/134] ✓ PL BOU — via Scott: tmClubId=989 slug="afc-bournemouth" name="Afc Bournemouth"
[50/134] ✓ PL LIV — via Ngumoha: tmClubId=31 slug="fc-liverpool" name="Fc Liverpool"
[51/134] ✓ PL EVE — via Grealish: tmClubId=29 slug="fc-everton" name="Fc Everton"
[52/134] ✓ PL WES — via Espanha Fernandes: tmClubId=379 slug="west-ham-united" name="West Ham United"
[53/134] ✓ PL CHE — via Chalobah: tmClubId=631 slug="fc-chelsea" name="Fc Chelsea"
[54/134]   PL AST · try Boniface → parsed="Sv Werder Bremen" NOT matching "Aston Villa"
[54/134] ✓ PL AST — via Chansey Bogarde: tmClubId=405 slug="aston-villa" name="Aston Villa"
[55/134] ✓ PL SUN — via Abdullahi: tmClubId=289 slug="afc-sunderland" name="Afc Sunderland"
[56/134]   LL GIR · try Salguero Quiñones → parsed="Fc Girona B" (fc-girona-b) is youth/reserve, skip
[56/134] ✓ LL GIR — via López Silva: tmClubId=12321 slug="fc-girona" name="Fc Girona"
[57/134] ✓ PL BRI — via Tackie Mensah Welbeck: tmClubId=1237 slug="brighton-amp-hove-albion" name="Brighton Amp Hove Albion"
[58/134] ✓ BL2 DRE — via Menzel: tmClubId=129 slug="sg-dynamo-dresden" name="Sg Dynamo Dresden"
[59/134] ✓ BL2 PRE — via Meyerhöfer: tmClubId=91 slug="preussen-munster" name="Preussen Munster"
[60/134] ✓ SA BOL — via Skorupski: tmClubId=1025 slug="fc-bologna" name="Fc Bologna"
[61/134] ✓ LL RAY — via Pérez: tmClubId=367 slug="rayo-vallecano" name="Rayo Vallecano"
[62/134] ✓ LL MAD — via Giménez de Vargas: tmClubId=13 slug="atletico-madrid" name="Atletico Madrid"
[63/134] ✓ LL OSA — via Álvaro Armada: tmClubId=331 slug="ca-osasuna" name="Ca Osasuna"
[64/134] ✓ LL ELC — via Nwankwo Donald Okeh: tmClubId=1531 slug="fc-elche" name="Fc Elche"
[65/134] ! LL BAR — UPSERT duplicate key value violates unique constraint "uq_club_source_external"
[66/134]   SA TOR · try Siviero → parsed="Argentinien" NOT matching "Torino"
[66/134]   SA TOR · try Gabellini → parsed="Fc Turin U20" (fc-turin-u20) is youth/reserve, skip
[66/134]   SA TOR · try Biraghi → parsed="Fc Turin" NOT matching "Torino"
[66/134]   SA TOR · try Aboukhlal → parsed="Fc Turin" NOT matching "Torino"
[66/134]   SA TOR · try Paleari → parsed="Fc Turin" NOT matching "Torino"
[67/134] ✓ PL MUN — via Dalot Teixeira: tmClubId=985 slug="manchester-united" name="Manchester United"
[68/134] ✓ PL FUL — via Andersen: tmClubId=931 slug="fc-fulham" name="Fc Fulham"
[69/134] ✓ PL WOL — via Bellegarde: tmClubId=543 slug="wolverhampton-wanderers" name="Wolverhampton Wanderers"
[70/134] ✓ PL BUR — via Anthony: tmClubId=1132 slug="fc-burnley" name="Fc Burnley"
[71/134]   PL TOT · try Takai → parsed="Borussia Monchengladbach" NOT matching "Tottenham"
[71/134] ✓ PL TOT — via Danso: tmClubId=148 slug="tottenham-hotspur" name="Tottenham Hotspur"
[72/134] ✓ LL BIL — via Areso Blanco: tmClubId=621 slug="athletic-bilbao" name="Athletic Bilbao"
[73/134] ✓ LL GET — via Arambarri Rosa: tmClubId=3709 slug="fc-getafe" name="Fc Getafe"
[74/134] ✓ LL SEV — via Sow: tmClubId=368 slug="fc-sevilla" name="Fc Sevilla"
[75/134] ✓ LL OVI — via Dendoncker: tmClubId=2497 slug="real-oviedo" name="Real Oviedo"
[76/134] ✓ LL RSO — via Karrikaburu Jaimerena: tmClubId=681 slug="real-sociedad-san-sebastian" name="Real Sociedad San Sebastian"
[77/134] ✓ LL LEV — via Matturro Romero: tmClubId=3368 slug="ud-levante" name="Ud Levante"
[78/134] ✓ PL NEW — via Trippier: tmClubId=762 slug="newcastle-united" name="Newcastle United"
[79/134] ✓ LL CEL — via Román González: tmClubId=940 slug="celta-vigo" name="Celta Vigo"
[80/134] ✓ SA GEN — via Sommariva: tmClubId=252 slug="genua-cfc" name="Genua Cfc"
[81/134] ✓ PL ARS — via Raya Martin: tmClubId=11 slug="fc-arsenal" name="Fc Arsenal"
[82/134] ✓ LL ALA — via Ibáñez Lumbreras: tmClubId=1108 slug="deportivo-alaves" name="Deportivo Alaves"
[83/134] ✓ SL FEN — via Brown: tmClubId=36 slug="fenerbahce" name="Fenerbahce"
[84/134] ✓ TFF1 ERZ — via Orbanić: tmClubId=39722 slug="erzurumspor-fk" name="Erzurumspor Fk"
[85/134] ✓ LL BET — via Deossa Suárez: tmClubId=150 slug="real-betis-sevilla" name="Real Betis Sevilla"
[86/134] ✓ BL1 FRE — via Höfler: tmClubId=60 slug="sc-freiburg" name="Sc Freiburg"
[87/134] ✓ BL1 WOL — via Dárdai: tmClubId=82 slug="vfl-wolfsburg" name="Vfl Wolfsburg"
[88/134] ! BL1 DOR — UPSERT duplicate key value violates unique constraint "uq_club_source_external"
[89/134] ✓ SA CAG — via Palestra: tmClubId=1390 slug="cagliari-calcio" name="Cagliari Calcio"
[90/134] ✓ BL1 HOF — via Prömel: tmClubId=533 slug="tsg-1899-hoffenheim" name="Tsg 1899 Hoffenheim"
[91/134] ✓ BL2 DUS — via Celar: tmClubId=38 slug="fortuna-dusseldorf" name="Fortuna Dusseldorf"
[92/134] ✓ BL2 HER — via Kolbe: tmClubId=44 slug="hertha-bsc" name="Hertha Bsc"
[93/134] ✓ BL2 MAG — via Heber: tmClubId=187 slug="1-fc-magdeburg" name="1 Fc Magdeburg"
[94/134] ✓ BL1 BAY — via Hofmann: tmClubId=15 slug="bayer-04-leverkusen" name="Bayer 04 Leverkusen"
[95/134] ✓ BL1 PAU — via Metcalfe: tmClubId=35 slug="fc-st-pauli" name="Fc St Pauli"
[96/134] ✓ SL GOZ — via Dennis: tmClubId=1467 slug="goztepe" name="Goztepe"
[97/134] ✓ SL GAZ — via Sanuç: tmClubId=2832 slug="gaziantep-fk" name="Gaziantep Fk"
[98/134] ✓ SA SAS — via Fadera: tmClubId=6574 slug="us-sassuolo" name="Us Sassuolo"
[99/134] ✓ SA UDI — via Padelli: tmClubId=410 slug="udinese-calcio" name="Udinese Calcio"
[100/134]   SA FIO · try Harrison → parsed="Ac Florenz" NOT matching "Fiorentina"
[100/134]   SA FIO · try Fagioli → parsed="Ac Florenz" NOT matching "Fiorentina"
[100/134]   SA FIO · try Cataldi → parsed="Lazio Rom" NOT matching "Fiorentina"
[100/134]   SA FIO · try Magalotti → parsed="Ac Florenz U18" (ac-florenz-u18) is youth/reserve, skip
[100/134]   SA FIO · try Deli (tm=173685) → no club in header
[101/134]   SA ROM · try Marzi → parsed="Bsc Young Boys" NOT matching "AS Roma"
[101/134] ✓ SA ROM — via Tsimikas: tmClubId=12 slug="as-rom" name="As Rom"
[102/134] ✓ SA ATA — via Djimsiti: tmClubId=800 slug="atalanta-bergamo" name="Atalanta Bergamo"
[103/134]   BL1 BAY · try Kusi-Asare → parsed="Fc Fulham" NOT matching "Bayern München"
[103/134] ✓ BL1 BAY — via Kim: tmClubId=27 slug="fc-bayern-munchen" name="Fc Bayern Munchen"
[104/134]   BL1 WER · try Kownacki → parsed="Hertha Bsc" NOT matching "Werder Bremen"
[104/134] ✓ BL1 WER — via Adeh: tmClubId=86 slug="sv-werder-bremen" name="Sv Werder Bremen"
[105/134] ✓ BL1 MAI — via Lee: tmClubId=39 slug="1-fsv-mainz-05" name="1 Fsv Mainz 05"
[106/134] ✓ BL1 EIN — via Burkardt: tmClubId=24 slug="eintracht-frankfurt" name="Eintracht Frankfurt"
[107/134] ✓ BL1 STU — via Bredlow: tmClubId=79 slug="vfb-stuttgart" name="Vfb Stuttgart"
[108/134]   SL IST · try Türüç → parsed="Konyaspor" NOT matching "Başakşehir"
[108/134] ✓ SL IST — via Crespo da Silva: tmClubId=6890 slug="basaksehir-fk" name="Basaksehir Fk"
[109/134] ✓ SL GAL — via Kutucu: tmClubId=141 slug="galatasaray" name="Galatasaray"
[110/134]   SL ALA · try Memik → parsed="Alanyaspor U19" (alanyaspor-u19) is youth/reserve, skip
[110/134] ✓ SL ALA — via Özdemir: tmClubId=11282 slug="alanyaspor" name="Alanyaspor"
[111/134]   SL KAY · try Kocaman → parsed="Sakaryaspor" NOT matching "Kayserispor"
[111/134] ✓ SL KAY — via Özbek: tmClubId=3205 slug="kayserispor" name="Kayserispor"
[112/134] ✓ SL KAR — via Sousa Esgaio: tmClubId=6646 slug="fatih-karagumruk" name="Fatih Karagumruk"
[113/134] ✓ SL KON — via Buğa: tmClubId=2293 slug="konyaspor" name="Konyaspor"
[114/134] ✓ SL GEN — via Koïta: tmClubId=820 slug="genclerbirligi-ankara" name="Genclerbirligi Ankara"
[115/134]   SL TRA · try Gürpüz → parsed="Genclerbirligi Ankara" NOT matching "Trabzonspor"
[115/134] ✓ SL TRA — via Fjørtoft Løvik: tmClubId=449 slug="trabzonspor" name="Trabzonspor"
[116/134] ✓ SL KAS — via Ben Ouanes: tmClubId=10484 slug="kasimpasa" name="Kasimpasa"
[117/134] ✓ SL ANT — via Dzhikiya: tmClubId=589 slug="antalyaspor" name="Antalyaspor"
[118/134] ✓ SL RIZ — via Orak: tmClubId=126 slug="caykur-rizespor" name="Caykur Rizespor"
[119/134]   SL EYU · try Thiam → parsed="Corum Fk" NOT matching "Eyüpspor"
[119/134] ✓ SL EYU — via Altunbaş: tmClubId=7160 slug="eyupspor" name="Eyupspor"
[120/134] ✓ BL2 BRA — via Bakhat: tmClubId=23 slug="eintracht-braunschweig" name="Eintracht Braunschweig"
[121/134] ✓ BL2 KAR — via Koch: tmClubId=48 slug="karlsruher-sc" name="Karlsruher Sc"
[122/134] ✓ SL SAM — via Yavru: tmClubId=152 slug="samsunspor" name="Samsunspor"
[123/134]   SA VER · try Monticelli → parsed="Hellas Verona U19" (hellas-verona-u19) is youth/reserve, skip
[123/134]   SA VER · try Núñez Gestoso → parsed="Fc Valencia" NOT matching "Hellas Verona"
[123/134] ✓ SA VER — via Slotsager: tmClubId=276 slug="hellas-verona" name="Hellas Verona"
[124/134] ✓ PL CRY — via Doucouré: tmClubId=873 slug="crystal-palace" name="Crystal Palace"
[125/134] ✓ BL1 UNI — via Raab: tmClubId=89 slug="1-fc-union-berlin" name="1 Fc Union Berlin"
[126/134] ✓ BL2 BOC — via Rakneberg: tmClubId=80 slug="vfl-bochum" name="Vfl Bochum"
[127/134] ✓ BL2 GRE — via Dehm: tmClubId=65 slug="spvgg-greuther-furth" name="Spvgg Greuther Furth"
[128/134] ✓ BL2 ARM — via Handwerker: tmClubId=10 slug="arminia-bielefeld" name="Arminia Bielefeld"
[129/134] ✓ BL2 HOL — via Tolkin: tmClubId=269 slug="holstein-kiel" name="Holstein Kiel"
[130/134]   BL2 KAI · try Elvedi → parsed="Spvgg Greuther Furth" NOT matching "1. FC Kaiserslautern"
[130/134] ✓ BL2 KAI — via Atanasov Chernev: tmClubId=2 slug="1-fc-kaiserslautern" name="1 Fc Kaiserslautern"
[131/134] ✓ BL2 ELV — via Mahmoud: tmClubId=64 slug="sv-07-elversberg" name="Sv 07 Elversberg"
[132/134] ✓ SA JUV — via Kalulu Kyatengwa: tmClubId=506 slug="juventus-turin" name="Juventus Turin"
[133/134]   SA MIL · try Ricci → parsed="Ac Mailand" NOT matching "AC Milan"
[133/134]   SA MIL · try Tomori → parsed="Ac Mailand" NOT matching "AC Milan"
[133/134]   SA MIL · try Saelemaekers → parsed="Ac Mailand" NOT matching "AC Milan"
[133/134]   SA MIL · try Valletta → parsed="Karriereende" NOT matching "AC Milan"
[133/134]   SA MIL · try Chukwueze → parsed="Fc Fulham" NOT matching "AC Milan"
[134/134]   SA NAP · try Beukema → parsed="Ssc Neapel" NOT matching "Napoli"
[134/134]   SA NAP · try Lobotka → parsed="Ssc Neapel" NOT matching "Napoli"
[134/134]   SA NAP · try Chiara → parsed="Ssc Neapel U20" (ssc-neapel-u20) is youth/reserve, skip
[134/134]   SA NAP · try Zanoli → parsed="Udinese Calcio" NOT matching "Napoli"
[134/134]   SA NAP · try Zerbin → parsed="Us Cremonese" NOT matching "Napoli"

=== Result ===
duration:        427.8s
candidates:      134
mapped:          127
skip_mismatch:   7  (parsed club did not match DB club name)
skip_exhausted:  0  (no TM-mapped players or all failed)
errored:         2

Error sample:
  LL BAR (UPSERT): duplicate key value violates unique constraint "uq_club_source_external"
  BL1 DOR (UPSERT): duplicate key value violates unique constraint "uq_club_source_external"
